BloodBank/app/build/intermediates/manifest_merge_blame_file/debug/manifest-merger-blame-debug-report.txt
1<?xml version="1.0" encoding="utf-8"?>
2<manifest xmlns:android="http://schemas.android.com/apk/res/android"
3    package="com.nvt.bloodbank"
4    android:versionCode="1"
5    android:versionName="1.0" >
6
7    <uses-sdk
8        android:minSdkVersion="24"
8-->src\main\AndroidManifest.xml
9        android:targetSdkVersion="31" />
9-->src\main\AndroidManifest.xml
10    <!--
11         The ACCESS_COARSE/FINE_LOCATION permissions are not required to use
12         Google Maps Android API v2, but you must specify either coarse or fine
13         location permissions for the "MyLocation" functionality.
14    -->
15    <uses-permission android:name="android.permission.ACCESS_COARSE_LOCATION" />
15-->src\main\AndroidManifest.xml:9:5-81
15-->src\main\AndroidManifest.xml:9:22-78
16    <uses-permission android:name="android.permission.ACCESS_FINE_LOCATION" />
16-->src\main\AndroidManifest.xml:10:5-79
16-->src\main\AndroidManifest.xml:10:22-76
17    <uses-permission android:name="android.permission.INTERNET" />
17-->src\main\AndroidManifest.xml:11:5-67
17-->src\main\AndroidManifest.xml:11:22-64
18    <uses-permission android:name="android.permission.READ_EXTERNAL_STORAGE" />
18-->src\main\AndroidManifest.xml:12:5-80
18-->src\main\AndroidManifest.xml:12:22-77
19    <uses-permission android:name="android.permission.WRITE_EXTERNAL_STORAGE" />
19-->src\main\AndroidManifest.xml:13:5-81
19-->src\main\AndroidManifest.xml:13:22-78
20    <uses-permission android:name="android.permission.ACCESS_NETWORK_STATE" />
20-->src\main\AndroidManifest.xml:14:5-78
20-->src\main\AndroidManifest.xml:14:22-76
21
22    <meta-data
23        android:name="com.google.android.geo.API_KEY"
23-->src\main\AndroidManifest.xml:17:9-54
24        android:value="AIzaSyATmVyi3hW0Pi6xPvsd1_g1MptBJ-GsbTc" />
24-->src\main\AndroidManifest.xml:18:9-40
25
26    <queries>
26-->src\main\AndroidManifest.xml:20:5-24:15
27        <intent>
27-->src\main\AndroidManifest.xml:21:9-23:18
28            <action android:name="android.media.action.IMAGE_CAPTURE" />
28-->src\main\AndroidManifest.xml:22:13-73
28-->src\main\AndroidManifest.xml:22:21-70
29        </intent>
30        <!-- Needs to be explicitly declared on Android R+ -->
31        <package android:name="com.google.android.apps.maps" />
31-->[com.google.android.gms:play-services-maps:18.0.2] AndroidManifest.xml:33:9-64
31-->[com.google.android.gms:play-services-maps:18.0.2] AndroidManifest.xml:33:18-61
32    </queries>
33
34    <uses-feature
34-->[com.google.android.gms:play-services-maps:18.0.2] AndroidManifest.xml:26:5-28:35
35        android:glEsVersion="0x00020000"
35-->[com.google.android.gms:play-services-maps:18.0.2] AndroidManifest.xml:27:9-41
36        android:required="true" />
36-->[com.google.android.gms:play-services-maps:18.0.2] AndroidManifest.xml:28:9-32
37
38    <uses-permission android:name="android.permission.WAKE_LOCK" />
38-->[com.google.android.gms:play-services-measurement-api:20.1.0] AndroidManifest.xml:24:5-68
38-->[com.google.android.gms:play-services-measurement-api:20.1.0] AndroidManifest.xml:24:22-65
39    <uses-permission android:name="com.google.android.finsky.permission.BIND_GET_INSTALL_REFERRER_SERVICE" /> <!-- Include required permissions for Advertising Id -->
39-->[com.google.android.gms:play-services-measurement:20.1.0] AndroidManifest.xml:26:5-110
39-->[com.google.android.gms:play-services-measurement:20.1.0] AndroidManifest.xml:26:22-107
40    <uses-permission android:name="com.google.android.gms.permission.AD_ID" />
40-->[com.google.android.gms:play-services-ads-identifier:18.0.0] AndroidManifest.xml:23:5-79
40-->[com.google.android.gms:play-services-ads-identifier:18.0.0] AndroidManifest.xml:23:22-76
41
42    <application
42-->src\main\AndroidManifest.xml:26:5-64:19
43        android:allowBackup="true"
43-->src\main\AndroidManifest.xml:27:9-35
44        android:appComponentFactory="androidx.core.app.CoreComponentFactory"
44-->[androidx.core:core:1.7.0] AndroidManifest.xml:24:18-86
45        android:debuggable="true"
46        android:extractNativeLibs="false"
47        android:icon="@mipmap/ic_launcher"
47-->src\main\AndroidManifest.xml:28:9-43
48        android:label="@string/app_name"
48-->src\main\AndroidManifest.xml:29:9-41
49        android:roundIcon="@mipmap/ic_launcher_round"
49-->src\main\AndroidManifest.xml:30:9-54
50        android:supportsRtl="true"
50-->src\main\AndroidManifest.xml:31:9-35
51        android:testOnly="true"
52        android:theme="@style/Theme.MaterialComponents.Light"
52-->src\main\AndroidManifest.xml:32:9-62
53        android:usesCleartextTraffic="true" >
53-->src\main\AndroidManifest.xml:33:9-44
54
55        <!--
56             The API key for Google Maps-based APIs is defined as a string resource.
57             (See the file "res/values/google_maps_api.xml").
58             Note that the API key is linked to the encryption key used to sign the APK.
59             You need a different API key for each encryption key, including the release key that is used to
60             sign the APK for publishing.
61             You can define the keys for the debug and release targets in src/debug/ and src/release/.
62        -->
63        <meta-data
64            android:name="com.google.android.geo.API_KEY"
64-->src\main\AndroidManifest.xml:17:9-54
65            android:value="AIzaSyATmVyi3hW0Pi6xPvsd1_g1MptBJ-GsbTc" />
65-->src\main\AndroidManifest.xml:18:9-40
66
67        <activity
67-->src\main\AndroidManifest.xml:45:9-53:20
68            android:name="com.nvt.bloodbank.activities.MainActivity"
68-->src\main\AndroidManifest.xml:46:13-52
69            android:exported="true" >
69-->src\main\AndroidManifest.xml:47:13-36
70            <intent-filter>
70-->src\main\AndroidManifest.xml:48:13-52:29
71                <action android:name="android.intent.action.MAIN" />
71-->src\main\AndroidManifest.xml:49:17-69
71-->src\main\AndroidManifest.xml:49:25-66
72
73                <category android:name="android.intent.category.LAUNCHER" />
73-->src\main\AndroidManifest.xml:51:17-77
73-->src\main\AndroidManifest.xml:51:27-74
74            </intent-filter>
75        </activity>
76
77        <provider
77-->src\main\AndroidManifest.xml:55:9-63:20
78            android:name="androidx.core.content.FileProvider"
78-->src\main\AndroidManifest.xml:56:13-62
79            android:authorities="com.example.android.fileprovider"
79-->src\main\AndroidManifest.xml:57:13-67
80            android:exported="false"
80-->src\main\AndroidManifest.xml:58:13-37
81            android:grantUriPermissions="true" >
81-->src\main\AndroidManifest.xml:59:13-47
82            <meta-data
82-->src\main\AndroidManifest.xml:60:13-62:54
83                android:name="android.support.FILE_PROVIDER_PATHS"
83-->src\main\AndroidManifest.xml:61:17-67
84                android:resource="@xml/file_paths" />
84-->src\main\AndroidManifest.xml:62:17-51
85        </provider>
86
87        <service
87-->[com.google.firebase:firebase-auth-ktx:21.0.3] AndroidManifest.xml:8:9-14:19
88            android:name="com.google.firebase.components.ComponentDiscoveryService"
88-->[com.google.firebase:firebase-auth-ktx:21.0.3] AndroidManifest.xml:9:13-84
89            android:directBootAware="true"
89-->[com.google.firebase:firebase-common:20.1.0] AndroidManifest.xml:35:13-43
90            android:exported="false" >
90-->[com.google.firebase:firebase-auth-ktx:21.0.3] AndroidManifest.xml:10:13-37
91            <meta-data
91-->[com.google.firebase:firebase-auth-ktx:21.0.3] AndroidManifest.xml:11:13-13:85
92                android:name="com.google.firebase.components:com.google.firebase.auth.ktx.FirebaseAuthKtxRegistrar"
92-->[com.google.firebase:firebase-auth-ktx:21.0.3] AndroidManifest.xml:12:17-116
93                android:value="com.google.firebase.components.ComponentRegistrar" />
93-->[com.google.firebase:firebase-auth-ktx:21.0.3] AndroidManifest.xml:13:17-82
94            <meta-data
94-->[com.google.firebase:firebase-auth:21.0.3] AndroidManifest.xml:67:13-69:85
95                android:name="com.google.firebase.components:com.google.firebase.auth.FirebaseAuthRegistrar"
95-->[com.google.firebase:firebase-auth:21.0.3] AndroidManifest.xml:68:17-109
96                android:value="com.google.firebase.components.ComponentRegistrar" />
96-->[com.google.firebase:firebase-auth:21.0.3] AndroidManifest.xml:69:17-82
97            <meta-data
97-->[com.google.firebase:firebase-storage-ktx:20.0.1] AndroidManifest.xml:15:13-17:85
98                android:name="com.google.firebase.components:com.google.firebase.storage.ktx.FirebaseStorageKtxRegistrar"
98-->[com.google.firebase:firebase-storage-ktx:20.0.1] AndroidManifest.xml:16:17-122
99                android:value="com.google.firebase.components.ComponentRegistrar" />
99-->[com.google.firebase:firebase-storage-ktx:20.0.1] AndroidManifest.xml:17:17-82
100            <meta-data
100-->[com.google.firebase:firebase-storage:20.0.1] AndroidManifest.xml:33:13-35:85
101                android:name="com.google.firebase.components:com.google.firebase.storage.StorageRegistrar"
101-->[com.google.firebase:firebase-storage:20.0.1] AndroidManifest.xml:34:17-107
102                android:value="com.google.firebase.components.ComponentRegistrar" />
102-->[com.google.firebase:firebase-storage:20.0.1] AndroidManifest.xml:35:17-82
103            <meta-data
103-->[com.google.firebase:firebase-database-ktx:20.0.4] AndroidManifest.xml:15:13-17:85
104                android:name="com.google.firebase.components:com.google.firebase.database.ktx.FirebaseDatabaseKtxRegistrar"
104-->[com.google.firebase:firebase-database-ktx:20.0.4] AndroidManifest.xml:16:17-124
105                android:value="com.google.firebase.components.ComponentRegistrar" />
105-->[com.google.firebase:firebase-database-ktx:20.0.4] AndroidManifest.xml:17:17-82
106            <meta-data
106-->[com.google.firebase:firebase-database:20.0.4] AndroidManifest.xml:32:13-34:85
107                android:name="com.google.firebase.components:com.google.firebase.database.DatabaseRegistrar"
107-->[com.google.firebase:firebase-database:20.0.4] AndroidManifest.xml:33:17-109
108                android:value="com.google.firebase.components.ComponentRegistrar" />
108-->[com.google.firebase:firebase-database:20.0.4] AndroidManifest.xml:34:17-82
109            <meta-data
109-->[com.google.firebase:firebase-analytics-ktx:20.1.0] AndroidManifest.xml:11:13-13:85
110                android:name="com.google.firebase.components:com.google.firebase.analytics.ktx.FirebaseAnalyticsKtxRegistrar"
110-->[com.google.firebase:firebase-analytics-ktx:20.1.0] AndroidManifest.xml:12:17-126
111                android:value="com.google.firebase.components.ComponentRegistrar" />
111-->[com.google.firebase:firebase-analytics-ktx:20.1.0] AndroidManifest.xml:13:17-82
112            <meta-data
112-->[com.google.firebase:firebase-common-ktx:20.1.0] AndroidManifest.xml:15:13-17:85
113                android:name="com.google.firebase.components:com.google.firebase.ktx.FirebaseCommonKtxRegistrar"
113-->[com.google.firebase:firebase-common-ktx:20.1.0] AndroidManifest.xml:16:17-113
114                android:value="com.google.firebase.components.ComponentRegistrar" />
114-->[com.google.firebase:firebase-common-ktx:20.1.0] AndroidManifest.xml:17:17-82
115            <meta-data
115-->[com.google.android.gms:play-services-measurement-api:20.1.0] AndroidManifest.xml:30:13-32:85
116                android:name="com.google.firebase.components:com.google.firebase.analytics.connector.internal.AnalyticsConnectorRegistrar"
116-->[com.google.android.gms:play-services-measurement-api:20.1.0] AndroidManifest.xml:31:17-139
117                android:value="com.google.firebase.components.ComponentRegistrar" />
117-->[com.google.android.gms:play-services-measurement-api:20.1.0] AndroidManifest.xml:32:17-82
118            <meta-data
118-->[com.google.firebase:firebase-installations:17.0.1] AndroidManifest.xml:18:13-20:85
119                android:name="com.google.firebase.components:com.google.firebase.installations.FirebaseInstallationsRegistrar"
119-->[com.google.firebase:firebase-installations:17.0.1] AndroidManifest.xml:19:17-127
120                android:value="com.google.firebase.components.ComponentRegistrar" />
120-->[com.google.firebase:firebase-installations:17.0.1] AndroidManifest.xml:20:17-82
121        </service>
122
123        <activity
123-->[com.google.firebase:firebase-auth:21.0.3] AndroidManifest.xml:27:9-44:20
124            android:name="com.google.firebase.auth.internal.GenericIdpActivity"
124-->[com.google.firebase:firebase-auth:21.0.3] AndroidManifest.xml:28:13-80
125            android:excludeFromRecents="true"
125-->[com.google.firebase:firebase-auth:21.0.3] AndroidManifest.xml:29:13-46
126            android:exported="true"
126-->[com.google.firebase:firebase-auth:21.0.3] AndroidManifest.xml:30:13-36
127            android:launchMode="singleTask"
127-->[com.google.firebase:firebase-auth:21.0.3] AndroidManifest.xml:31:13-44
128            android:theme="@android:style/Theme.Translucent.NoTitleBar" >
128-->[com.google.firebase:firebase-auth:21.0.3] AndroidManifest.xml:32:13-72
129            <intent-filter>
129-->[com.google.firebase:firebase-auth:21.0.3] AndroidManifest.xml:33:13-43:29
130                <action android:name="android.intent.action.VIEW" />
130-->[com.google.firebase:firebase-auth:21.0.3] AndroidManifest.xml:34:17-69
130-->[com.google.firebase:firebase-auth:21.0.3] AndroidManifest.xml:34:25-66
131
132                <category android:name="android.intent.category.DEFAULT" />
132-->[com.google.firebase:firebase-auth:21.0.3] AndroidManifest.xml:36:17-76
132-->[com.google.firebase:firebase-auth:21.0.3] AndroidManifest.xml:36:27-73
133                <category android:name="android.intent.category.BROWSABLE" />
133-->[com.google.firebase:firebase-auth:21.0.3] AndroidManifest.xml:37:17-78
133-->[com.google.firebase:firebase-auth:21.0.3] AndroidManifest.xml:37:27-75
134
135                <data
135-->[com.google.firebase:firebase-auth:21.0.3] AndroidManifest.xml:39:17-42:51
136                    android:host="firebase.auth"
136-->[com.google.firebase:firebase-auth:21.0.3] AndroidManifest.xml:40:21-49
137                    android:path="/"
137-->[com.google.firebase:firebase-auth:21.0.3] AndroidManifest.xml:41:21-37
138                    android:scheme="genericidp" />
138-->[com.google.firebase:firebase-auth:21.0.3] AndroidManifest.xml:42:21-48
139            </intent-filter>
140        </activity>
141        <activity
141-->[com.google.firebase:firebase-auth:21.0.3] AndroidManifest.xml:45:9-62:20
142            android:name="com.google.firebase.auth.internal.RecaptchaActivity"
142-->[com.google.firebase:firebase-auth:21.0.3] AndroidManifest.xml:46:13-79
143            android:excludeFromRecents="true"
143-->[com.google.firebase:firebase-auth:21.0.3] AndroidManifest.xml:47:13-46
144            android:exported="true"
144-->[com.google.firebase:firebase-auth:21.0.3] AndroidManifest.xml:48:13-36
145            android:launchMode="singleTask"
145-->[com.google.firebase:firebase-auth:21.0.3] AndroidManifest.xml:49:13-44
146            android:theme="@android:style/Theme.Translucent.NoTitleBar" >
146-->[com.google.firebase:firebase-auth:21.0.3] AndroidManifest.xml:50:13-72
147            <intent-filter>
147-->[com.google.firebase:firebase-auth:21.0.3] AndroidManifest.xml:51:13-61:29
148                <action android:name="android.intent.action.VIEW" />
148-->[com.google.firebase:firebase-auth:21.0.3] AndroidManifest.xml:34:17-69
148-->[com.google.firebase:firebase-auth:21.0.3] AndroidManifest.xml:34:25-66
149
150                <category android:name="android.intent.category.DEFAULT" />
150-->[com.google.firebase:firebase-auth:21.0.3] AndroidManifest.xml:36:17-76
150-->[com.google.firebase:firebase-auth:21.0.3] AndroidManifest.xml:36:27-73
151                <category android:name="android.intent.category.BROWSABLE" />
151-->[com.google.firebase:firebase-auth:21.0.3] AndroidManifest.xml:37:17-78
151-->[com.google.firebase:firebase-auth:21.0.3] AndroidManifest.xml:37:27-75
152
153                <data
153-->[com.google.firebase:firebase-auth:21.0.3] AndroidManifest.xml:39:17-42:51
154                    android:host="firebase.auth"
154-->[com.google.firebase:firebase-auth:21.0.3] AndroidManifest.xml:40:21-49
155                    android:path="/"
155-->[com.google.firebase:firebase-auth:21.0.3] AndroidManifest.xml:41:21-37
156                    android:scheme="recaptcha" />
156-->[com.google.firebase:firebase-auth:21.0.3] AndroidManifest.xml:42:21-48
157            </intent-filter>
158        </activity>
159
160        <uses-library
160-->[androidx.window:window:1.0.0] AndroidManifest.xml:25:9-27:40
161            android:name="androidx.window.extensions"
161-->[androidx.window:window:1.0.0] AndroidManifest.xml:26:13-54
162            android:required="false" />
162-->[androidx.window:window:1.0.0] AndroidManifest.xml:27:13-37
163        <uses-library
163-->[androidx.window:window:1.0.0] AndroidManifest.xml:28:9-30:40
164            android:name="androidx.window.sidecar"
164-->[androidx.window:window:1.0.0] AndroidManifest.xml:29:13-51
165            android:required="false" /> <!-- Needs to be explicitly declared on P+ -->
165-->[androidx.window:window:1.0.0] AndroidManifest.xml:30:13-37
166        <uses-library
166-->[com.google.android.gms:play-services-maps:18.0.2] AndroidManifest.xml:39:9-41:40
167            android:name="org.apache.http.legacy"
167-->[com.google.android.gms:play-services-maps:18.0.2] AndroidManifest.xml:40:13-50
168            android:required="false" />
168-->[com.google.android.gms:play-services-maps:18.0.2] AndroidManifest.xml:41:13-37
169
170        <activity
170-->[com.google.android.gms:play-services-base:18.0.1] AndroidManifest.xml:20:9-22:45
171            android:name="com.google.android.gms.common.api.GoogleApiActivity"
171-->[com.google.android.gms:play-services-base:18.0.1] AndroidManifest.xml:20:19-85
172            android:exported="false"
172-->[com.google.android.gms:play-services-base:18.0.1] AndroidManifest.xml:22:19-43
173            android:theme="@android:style/Theme.Translucent.NoTitleBar" />
173-->[com.google.android.gms:play-services-base:18.0.1] AndroidManifest.xml:21:19-78
174
175        <provider
175-->[com.google.firebase:firebase-common:20.1.0] AndroidManifest.xml:26:9-31:39
176            android:name="com.google.firebase.provider.FirebaseInitProvider"
176-->[com.google.firebase:firebase-common:20.1.0] AndroidManifest.xml:27:13-77
177            android:authorities="com.nvt.bloodbank.firebaseinitprovider"
177-->[com.google.firebase:firebase-common:20.1.0] AndroidManifest.xml:28:13-72
178            android:directBootAware="true"
178-->[com.google.firebase:firebase-common:20.1.0] AndroidManifest.xml:29:13-43
179            android:exported="false"
179-->[com.google.firebase:firebase-common:20.1.0] AndroidManifest.xml:30:13-37
180            android:initOrder="100" />
180-->[com.google.firebase:firebase-common:20.1.0] AndroidManifest.xml:31:13-36
181
182        <receiver
182-->[com.google.android.gms:play-services-measurement:20.1.0] AndroidManifest.xml:29:9-33:20
183            android:name="com.google.android.gms.measurement.AppMeasurementReceiver"
183-->[com.google.android.gms:play-services-measurement:20.1.0] AndroidManifest.xml:30:13-85
184            android:enabled="true"
184-->[com.google.android.gms:play-services-measurement:20.1.0] AndroidManifest.xml:31:13-35
185            android:exported="false" >
185-->[com.google.android.gms:play-services-measurement:20.1.0] AndroidManifest.xml:32:13-37
186        </receiver>
187
188        <service
188-->[com.google.android.gms:play-services-measurement:20.1.0] AndroidManifest.xml:35:9-38:40
189            android:name="com.google.android.gms.measurement.AppMeasurementService"
189-->[com.google.android.gms:play-services-measurement:20.1.0] AndroidManifest.xml:36:13-84
190            android:enabled="true"
190-->[com.google.android.gms:play-services-measurement:20.1.0] AndroidManifest.xml:37:13-35
191            android:exported="false" />
191-->[com.google.android.gms:play-services-measurement:20.1.0] AndroidManifest.xml:38:13-37
192        <service
192-->[com.google.android.gms:play-services-measurement:20.1.0] AndroidManifest.xml:39:9-43:72
193            android:name="com.google.android.gms.measurement.AppMeasurementJobService"
193-->[com.google.android.gms:play-services-measurement:20.1.0] AndroidManifest.xml:40:13-87
194            android:enabled="true"
194-->[com.google.android.gms:play-services-measurement:20.1.0] AndroidManifest.xml:41:13-35
195            android:exported="false"
195-->[com.google.android.gms:play-services-measurement:20.1.0] AndroidManifest.xml:42:13-37
196            android:permission="android.permission.BIND_JOB_SERVICE" />
196-->[com.google.android.gms:play-services-measurement:20.1.0] AndroidManifest.xml:43:13-69
197
198        <meta-data
198-->[com.google.android.gms:play-services-basement:18.0.0] AndroidManifest.xml:21:9-23:69
199            android:name="com.google.android.gms.version"
199-->[com.google.android.gms:play-services-basement:18.0.0] AndroidManifest.xml:22:13-58
200            android:value="@integer/google_play_services_version" />
200-->[com.google.android.gms:play-services-basement:18.0.0] AndroidManifest.xml:23:13-66
201
202        <provider
202-->[androidx.emoji2:emoji2:1.0.0] AndroidManifest.xml:26:9-34:20
203            android:name="androidx.startup.InitializationProvider"
203-->[androidx.emoji2:emoji2:1.0.0] AndroidManifest.xml:27:13-67
204            android:authorities="com.nvt.bloodbank.androidx-startup"
204-->[androidx.emoji2:emoji2:1.0.0] AndroidManifest.xml:28:13-68
205            android:exported="false" >
205-->[androidx.emoji2:emoji2:1.0.0] AndroidManifest.xml:29:13-37
206            <meta-data
206-->[androidx.emoji2:emoji2:1.0.0] AndroidManifest.xml:31:13-33:52
207                android:name="androidx.emoji2.text.EmojiCompatInitializer"
207-->[androidx.emoji2:emoji2:1.0.0] AndroidManifest.xml:32:17-75
208                android:value="androidx.startup" />
208-->[androidx.emoji2:emoji2:1.0.0] AndroidManifest.xml:33:17-49
209            <meta-data
209-->[androidx.lifecycle:lifecycle-process:2.4.0] AndroidManifest.xml:31:13-33:52
210                android:name="androidx.lifecycle.ProcessLifecycleInitializer"
210-->[androidx.lifecycle:lifecycle-process:2.4.0] AndroidManifest.xml:32:17-78
211                android:value="androidx.startup" />
211-->[androidx.lifecycle:lifecycle-process:2.4.0] AndroidManifest.xml:33:17-49
212        </provider>
213    </application>
214
215</manifest>